
**** Build of configuration Debug for project freertos_demo ****

"C:\\TI\\ccsv6\\utils\\bin\\gmake" -k all 
'Building file: ../freertos_demo.c'
'Invoking: ARM Compiler'
"C:/TI/ccsv6/tools/compiler/ti-cgt-arm_15.12.1.LTS/bin/armcl" -mv7M4 --code_state=16 --float_support=FPv4SPD16 --abi=eabi -me -O2 --include_path="C:/TI/ccsv6/tools/compiler/ti-cgt-arm_15.12.1.LTS/include" --include_path="//VBOXSVR/FreeRTOS/CodeComposer/freertos_demo" --include_path="//examples/boards/ek-tm4c123gxl" --include_path="//" --include_path="//third_party" --include_path="//third_party/FreeRTOS/Source/include" --include_path="//third_party/FreeRTOS" --include_path="//third_party/FreeRTOS/Source/portable/CCS/ARM_CM4F" --advice:power=all -g --gcc --define=ccs="ccs" --define=PART_TM4C123GH6PM --define=TARGET_IS_TM4C123_RB1 --diag_wrap=off --diag_warning=225 --display_error_number --gen_func_subsections=on --ual --preproc_with_compile --preproc_dependency="freertos_demo.d"  "../freertos_demo.c"

>> Compilation failure
subdir_rules.mk:7: recipe for target 'freertos_demo.obj' failed
'\\VBOXSVR\FreeRTOS\CodeComposer\freertos_demo\Debug'
CMD.EXE was started with the above path as the current directory.
UNC paths are not supported.  Defaulting to Windows directory.
'\\VBOXSVR\FreeRTOS\CodeComposer\freertos_demo\Debug'
CMD.EXE was started with the above path as the current directory.
UNC paths are not supported.  Defaulting to Windows directory.
"../freertos_demo.c", line 27: fatal error #1965: cannot open source file "inc/hw_memmap.h"
1 catastrophic error detected in the compilation of "../freertos_demo.c".
Compilation terminated.
'Building file: ../led_task.c'
'Invoking: ARM Compiler'
"C:/TI/ccsv6/tools/compiler/ti-cgt-arm_15.12.1.LTS/bin/armcl" -mv7M4 --code_state=16 --float_support=FPv4SPD16 --abi=eabi -me -O2 --include_path="C:/TI/ccsv6/tools/compiler/ti-cgt-arm_15.12.1.LTS/include" --include_path="//VBOXSVR/FreeRTOS/CodeComposer/freertos_demo" --include_path="//examples/boards/ek-tm4c123gxl" --include_path="//" --include_path="//third_party" --include_path="//third_party/FreeRTOS/Source/include" --include_path="//third_party/FreeRTOS" --include_path="//third_party/FreeRTOS/Source/portable/CCS/ARM_CM4F" --advice:power=all -g --gcc --define=ccs="ccs" --define=PART_TM4C123GH6PM --define=TARGET_IS_TM4C123_RB1 --diag_wrap=off --diag_warning=225 --display_error_number --gen_func_subsections=on --ual --preproc_with_compile --preproc_dependency="led_task.d"  "../led_task.c"

>> Compilation failure
subdir_rules.mk:14: recipe for target 'led_task.obj' failed
gmake: *** [freertos_demo.obj] Error 1
'\\VBOXSVR\FreeRTOS\CodeComposer\freertos_demo\Debug'
CMD.EXE was started with the above path as the current directory.
UNC paths are not supported.  Defaulting to Windows directory.
'\\VBOXSVR\FreeRTOS\CodeComposer\freertos_demo\Debug'
CMD.EXE was started with the above path as the current directory.
UNC paths are not supported.  Defaulting to Windows directory.
"../led_task.c", line 27: fatal error #1965: cannot open source file "inc/hw_memmap.h"
1 catastrophic error detected in the compilation of "../led_task.c".
Compilation terminated.
gmake: *** [led_task.obj] Error 1
'Building file: ../startup_ccs.c'
'Invoking: ARM Compiler'
"C:/TI/ccsv6/tools/compiler/ti-cgt-arm_15.12.1.LTS/bin/armcl" -mv7M4 --code_state=16 --float_support=FPv4SPD16 --abi=eabi -me -O2 --include_path="C:/TI/ccsv6/tools/compiler/ti-cgt-arm_15.12.1.LTS/include" --include_path="//VBOXSVR/FreeRTOS/CodeComposer/freertos_demo" --include_path="//examples/boards/ek-tm4c123gxl" --include_path="//" --include_path="//third_party" --include_path="//third_party/FreeRTOS/Source/include" --include_path="//third_party/FreeRTOS" --include_path="//third_party/FreeRTOS/Source/portable/CCS/ARM_CM4F" --advice:power=all -g --gcc --define=ccs="ccs" --define=PART_TM4C123GH6PM --define=TARGET_IS_TM4C123_RB1 --diag_wrap=off --diag_warning=225 --display_error_number --gen_func_subsections=on --ual --preproc_with_compile --preproc_dependency="startup_ccs.d"  "../startup_ccs.c"

>> Compilation failure
subdir_rules.mk:21: recipe for target 'startup_ccs.obj' failed
'\\VBOXSVR\FreeRTOS\CodeComposer\freertos_demo\Debug'
CMD.EXE was started with the above path as the current directory.
UNC paths are not supported.  Defaulting to Windows directory.
'\\VBOXSVR\FreeRTOS\CodeComposer\freertos_demo\Debug'
CMD.EXE was started with the above path as the current directory.
UNC paths are not supported.  Defaulting to Windows directory.
"../startup_ccs.c", line 26: fatal error #1965: cannot open source file "inc/hw_nvic.h"
1 catastrophic error detected in the compilation of "../startup_ccs.c".
Compilation terminated.
'Building file: ../switch_task.c'
'Invoking: ARM Compiler'
"C:/TI/ccsv6/tools/compiler/ti-cgt-arm_15.12.1.LTS/bin/armcl" -mv7M4 --code_state=16 --float_support=FPv4SPD16 --abi=eabi -me -O2 --include_path="C:/TI/ccsv6/tools/compiler/ti-cgt-arm_15.12.1.LTS/include" --include_path="//VBOXSVR/FreeRTOS/CodeComposer/freertos_demo" --include_path="//examples/boards/ek-tm4c123gxl" --include_path="//" --include_path="//third_party" --include_path="//third_party/FreeRTOS/Source/include" --include_path="//third_party/FreeRTOS" --include_path="//third_party/FreeRTOS/Source/portable/CCS/ARM_CM4F" --advice:power=all -g --gcc --define=ccs="ccs" --define=PART_TM4C123GH6PM --define=TARGET_IS_TM4C123_RB1 --diag_wrap=off --diag_warning=225 --display_error_number --gen_func_subsections=on --ual --preproc_with_compile --preproc_dependency="switch_task.d"  "../switch_task.c"

>> Compilation failure
subdir_rules.mk:28: recipe for target 'switch_task.obj' failed
gmake: *** [startup_ccs.obj] Error 1
'\\VBOXSVR\FreeRTOS\CodeComposer\freertos_demo\Debug'
CMD.EXE was started with the above path as the current directory.
UNC paths are not supported.  Defaulting to Windows directory.
'\\VBOXSVR\FreeRTOS\CodeComposer\freertos_demo\Debug'
CMD.EXE was started with the above path as the current directory.
UNC paths are not supported.  Defaulting to Windows directory.
"../switch_task.c", line 27: fatal error #1965: cannot open source file "inc/hw_memmap.h"
1 catastrophic error detected in the compilation of "../switch_task.c".
Compilation terminated.
'Building file: C:/TI/TivaWare_C_Series-2.1.3.156/examples/boards/ek-tm4c123gxl/drivers/buttons.c'
'Invoking: ARM Compiler'
"C:/TI/ccsv6/tools/compiler/ti-cgt-arm_15.12.1.LTS/bin/armcl" -mv7M4 --code_state=16 --float_support=FPv4SPD16 --abi=eabi -me -O2 --include_path="C:/TI/ccsv6/tools/compiler/ti-cgt-arm_15.12.1.LTS/include" --include_path="//VBOXSVR/FreeRTOS/CodeComposer/freertos_demo" --include_path="//examples/boards/ek-tm4c123gxl" --include_path="//" --include_path="//third_party" --include_path="//third_party/FreeRTOS/Source/include" --include_path="//third_party/FreeRTOS" --include_path="//third_party/FreeRTOS/Source/portable/CCS/ARM_CM4F" --advice:power=all -g --gcc --define=ccs="ccs" --define=PART_TM4C123GH6PM --define=TARGET_IS_TM4C123_RB1 --diag_wrap=off --diag_warning=225 --display_error_number --gen_func_subsections=on --ual --preproc_with_compile --preproc_dependency="drivers/buttons.d" --obj_directory="drivers"  "C:/TI/TivaWare_C_Series-2.1.3.156/examples/boards/ek-tm4c123gxl/drivers/buttons.c"

>> Compilation failure
drivers/subdir_rules.mk:7: recipe for target 'drivers/buttons.obj' failed
gmake: *** [switch_task.obj] Error 1
'\\VBOXSVR\FreeRTOS\CodeComposer\freertos_demo\Debug'
CMD.EXE was started with the above path as the current directory.
UNC paths are not supported.  Defaulting to Windows directory.
'\\VBOXSVR\FreeRTOS\CodeComposer\freertos_demo\Debug'
CMD.EXE was started with the above path as the current directory.
UNC paths are not supported.  Defaulting to Windows directory.
"C:/TI/TivaWare_C_Series-2.1.3.156/examples/boards/ek-tm4c123gxl/drivers/buttons.c", line 27: fatal error #1965: cannot open source file "inc/hw_types.h"
1 catastrophic error detected in the compilation of "C:/TI/TivaWare_C_Series-2.1.3.156/examples/boards/ek-tm4c123gxl/drivers/buttons.c".
Compilation terminated.
'Building file: C:/TI/TivaWare_C_Series-2.1.3.156/examples/boards/ek-tm4c123gxl/drivers/rgb.c'
'Invoking: ARM Compiler'
"C:/TI/ccsv6/tools/compiler/ti-cgt-arm_15.12.1.LTS/bin/armcl" -mv7M4 --code_state=16 --float_support=FPv4SPD16 --abi=eabi -me -O2 --include_path="C:/TI/ccsv6/tools/compiler/ti-cgt-arm_15.12.1.LTS/include" --include_path="//VBOXSVR/FreeRTOS/CodeComposer/freertos_demo" --include_path="//examples/boards/ek-tm4c123gxl" --include_path="//" --include_path="//third_party" --include_path="//third_party/FreeRTOS/Source/include" --include_path="//third_party/FreeRTOS" --include_path="//third_party/FreeRTOS/Source/portable/CCS/ARM_CM4F" --advice:power=all -g --gcc --define=ccs="ccs" --define=PART_TM4C123GH6PM --define=TARGET_IS_TM4C123_RB1 --diag_wrap=off --diag_warning=225 --display_error_number --gen_func_subsections=on --ual --preproc_with_compile --preproc_dependency="drivers/rgb.d" --obj_directory="drivers"  "C:/TI/TivaWare_C_Series-2.1.3.156/examples/boards/ek-tm4c123gxl/drivers/rgb.c"

>> Compilation failure
drivers/subdir_rules.mk:14: recipe for target 'drivers/rgb.obj' failed
gmake: *** [drivers/buttons.obj] Error 1
'\\VBOXSVR\FreeRTOS\CodeComposer\freertos_demo\Debug'
CMD.EXE was started with the above path as the current directory.
UNC paths are not supported.  Defaulting to Windows directory.
'\\VBOXSVR\FreeRTOS\CodeComposer\freertos_demo\Debug'
CMD.EXE was started with the above path as the current directory.
UNC paths are not supported.  Defaulting to Windows directory.
"C:/TI/TivaWare_C_Series-2.1.3.156/examples/boards/ek-tm4c123gxl/drivers/rgb.c", line 27: fatal error #1965: cannot open source file "inc/hw_types.h"
1 catastrophic error detected in the compilation of "C:/TI/TivaWare_C_Series-2.1.3.156/examples/boards/ek-tm4c123gxl/drivers/rgb.c".
Compilation terminated.
'Building file: C:/TI/TivaWare_C_Series-2.1.3.156/third_party/FreeRTOS/Source/list.c'
'Invoking: ARM Compiler'
"C:/TI/ccsv6/tools/compiler/ti-cgt-arm_15.12.1.LTS/bin/armcl" -mv7M4 --code_state=16 --float_support=FPv4SPD16 --abi=eabi -me -O2 --include_path="C:/TI/ccsv6/tools/compiler/ti-cgt-arm_15.12.1.LTS/include" --include_path="//VBOXSVR/FreeRTOS/CodeComposer/freertos_demo" --include_path="//examples/boards/ek-tm4c123gxl" --include_path="//" --include_path="//third_party" --include_path="//third_party/FreeRTOS/Source/include" --include_path="//third_party/FreeRTOS" --include_path="//third_party/FreeRTOS/Source/portable/CCS/ARM_CM4F" --advice:power=all -g --gcc --define=ccs="ccs" --define=PART_TM4C123GH6PM --define=TARGET_IS_TM4C123_RB1 --diag_wrap=off --diag_warning=225 --display_error_number --gen_func_subsections=on --ual --preproc_with_compile --preproc_dependency="third_party/FreeRTOS/Source/list.d" --obj_directory="third_party/FreeRTOS/Source"  "C:/TI/TivaWare_C_Series-2.1.3.156/third_party/FreeRTOS/Source/list.c"

>> Compilation failure
third_party/FreeRTOS/Source/subdir_rules.mk:7: recipe for target 'third_party/FreeRTOS/Source/list.obj' failed
gmake: *** [drivers/rgb.obj] Error 1
'\\VBOXSVR\FreeRTOS\CodeComposer\freertos_demo\Debug'
CMD.EXE was started with the above path as the current directory.
UNC paths are not supported.  Defaulting to Windows directory.
'\\VBOXSVR\FreeRTOS\CodeComposer\freertos_demo\Debug'
CMD.EXE was started with the above path as the current directory.
UNC paths are not supported.  Defaulting to Windows directory.
"C:/TI/TivaWare_C_Series-2.1.3.156/third_party/FreeRTOS/Source/list.c", line 72: fatal error #1965: cannot open source file "FreeRTOS.h"
1 catastrophic error detected in the compilation of "C:/TI/TivaWare_C_Series-2.1.3.156/third_party/FreeRTOS/Source/list.c".
Compilation terminated.
'Building file: C:/TI/TivaWare_C_Series-2.1.3.156/third_party/FreeRTOS/Source/queue.c'
'Invoking: ARM Compiler'
"C:/TI/ccsv6/tools/compiler/ti-cgt-arm_15.12.1.LTS/bin/armcl" -mv7M4 --code_state=16 --float_support=FPv4SPD16 --abi=eabi -me -O2 --include_path="C:/TI/ccsv6/tools/compiler/ti-cgt-arm_15.12.1.LTS/include" --include_path="//VBOXSVR/FreeRTOS/CodeComposer/freertos_demo" --include_path="//examples/boards/ek-tm4c123gxl" --include_path="//" --include_path="//third_party" --include_path="//third_party/FreeRTOS/Source/include" --include_path="//third_party/FreeRTOS" --include_path="//third_party/FreeRTOS/Source/portable/CCS/ARM_CM4F" --advice:power=all -g --gcc --define=ccs="ccs" --define=PART_TM4C123GH6PM --define=TARGET_IS_TM4C123_RB1 --diag_wrap=off --diag_warning=225 --display_error_number --gen_func_subsections=on --ual --preproc_with_compile --preproc_dependency="third_party/FreeRTOS/Source/queue.d" --obj_directory="third_party/FreeRTOS/Source"  "C:/TI/TivaWare_C_Series-2.1.3.156/third_party/FreeRTOS/Source/queue.c"

>> Compilation failure
third_party/FreeRTOS/Source/subdir_rules.mk:14: recipe for target 'third_party/FreeRTOS/Source/queue.obj' failed
gmake: *** [third_party/FreeRTOS/Source/list.obj] Error 1
'\\VBOXSVR\FreeRTOS\CodeComposer\freertos_demo\Debug'
CMD.EXE was started with the above path as the current directory.
UNC paths are not supported.  Defaulting to Windows directory.
'\\VBOXSVR\FreeRTOS\CodeComposer\freertos_demo\Debug'
CMD.EXE was started with the above path as the current directory.
UNC paths are not supported.  Defaulting to Windows directory.
"C:/TI/TivaWare_C_Series-2.1.3.156/third_party/FreeRTOS/Source/queue.c", line 78: fatal error #1965: cannot open source file "FreeRTOS.h"
1 catastrophic error detected in the compilation of "C:/TI/TivaWare_C_Series-2.1.3.156/third_party/FreeRTOS/Source/queue.c".
Compilation terminated.
'Building file: C:/TI/TivaWare_C_Series-2.1.3.156/third_party/FreeRTOS/Source/tasks.c'
'Invoking: ARM Compiler'
"C:/TI/ccsv6/tools/compiler/ti-cgt-arm_15.12.1.LTS/bin/armcl" -mv7M4 --code_state=16 --float_support=FPv4SPD16 --abi=eabi -me -O2 --include_path="C:/TI/ccsv6/tools/compiler/ti-cgt-arm_15.12.1.LTS/include" --include_path="//VBOXSVR/FreeRTOS/CodeComposer/freertos_demo" --include_path="//examples/boards/ek-tm4c123gxl" --include_path="//" --include_path="//third_party" --include_path="//third_party/FreeRTOS/Source/include" --include_path="//third_party/FreeRTOS" --include_path="//third_party/FreeRTOS/Source/portable/CCS/ARM_CM4F" --advice:power=all -g --gcc --define=ccs="ccs" --define=PART_TM4C123GH6PM --define=TARGET_IS_TM4C123_RB1 --diag_wrap=off --diag_warning=225 --display_error_number --gen_func_subsections=on --ual --preproc_with_compile --preproc_dependency="third_party/FreeRTOS/Source/tasks.d" --obj_directory="third_party/FreeRTOS/Source"  "C:/TI/TivaWare_C_Series-2.1.3.156/third_party/FreeRTOS/Source/tasks.c"

>> Compilation failure
third_party/FreeRTOS/Source/subdir_rules.mk:21: recipe for target 'third_party/FreeRTOS/Source/tasks.obj' failed
gmake: *** [third_party/FreeRTOS/Source/queue.obj] Error 1
'\\VBOXSVR\FreeRTOS\CodeComposer\freertos_demo\Debug'
CMD.EXE was started with the above path as the current directory.
UNC paths are not supported.  Defaulting to Windows directory.
'\\VBOXSVR\FreeRTOS\CodeComposer\freertos_demo\Debug'
CMD.EXE was started with the above path as the current directory.
UNC paths are not supported.  Defaulting to Windows directory.
"C:/TI/TivaWare_C_Series-2.1.3.156/third_party/FreeRTOS/Source/tasks.c", line 80: fatal error #1965: cannot open source file "FreeRTOS.h"
1 catastrophic error detected in the compilation of "C:/TI/TivaWare_C_Series-2.1.3.156/third_party/FreeRTOS/Source/tasks.c".
Compilation terminated.
'Building file: C:/TI/TivaWare_C_Series-2.1.3.156/third_party/FreeRTOS/Source/portable/CCS/ARM_CM4F/port.c'
'Invoking: ARM Compiler'
"C:/TI/ccsv6/tools/compiler/ti-cgt-arm_15.12.1.LTS/bin/armcl" -mv7M4 --code_state=16 --float_support=FPv4SPD16 --abi=eabi -me -O2 --include_path="C:/TI/ccsv6/tools/compiler/ti-cgt-arm_15.12.1.LTS/include" --include_path="//VBOXSVR/FreeRTOS/CodeComposer/freertos_demo" --include_path="//examples/boards/ek-tm4c123gxl" --include_path="//" --include_path="//third_party" --include_path="//third_party/FreeRTOS/Source/include" --include_path="//third_party/FreeRTOS" --include_path="//third_party/FreeRTOS/Source/portable/CCS/ARM_CM4F" --advice:power=all -g --gcc --define=ccs="ccs" --define=PART_TM4C123GH6PM --define=TARGET_IS_TM4C123_RB1 --diag_wrap=off --diag_warning=225 --display_error_number --gen_func_subsections=on --ual --preproc_with_compile --preproc_dependency="third_party/FreeRTOS/Source/portable/CCS/ARM_CM4F/port.d" --obj_directory="third_party/FreeRTOS/Source/portable/CCS/ARM_CM4F"  "C:/TI/TivaWare_C_Series-2.1.3.156/third_party/FreeRTOS/Source/portable/CCS/ARM_CM4F/port.c"

>> Compilation failure
third_party/FreeRTOS/Source/portable/CCS/ARM_CM4F/subdir_rules.mk:7: recipe for target 'third_party/FreeRTOS/Source/portable/CCS/ARM_CM4F/port.obj' failed
gmake: *** [third_party/FreeRTOS/Source/tasks.obj] Error 1
'\\VBOXSVR\FreeRTOS\CodeComposer\freertos_demo\Debug'
CMD.EXE was started with the above path as the current directory.
UNC paths are not supported.  Defaulting to Windows directory.
'\\VBOXSVR\FreeRTOS\CodeComposer\freertos_demo\Debug'
CMD.EXE was started with the above path as the current directory.
UNC paths are not supported.  Defaulting to Windows directory.
"C:/TI/TivaWare_C_Series-2.1.3.156/third_party/FreeRTOS/Source/portable/CCS/ARM_CM4F/port.c", line 75: fatal error #1965: cannot open source file "FreeRTOS.h"
1 catastrophic error detected in the compilation of "C:/TI/TivaWare_C_Series-2.1.3.156/third_party/FreeRTOS/Source/portable/CCS/ARM_CM4F/port.c".
Compilation terminated.
'Building file: C:/TI/TivaWare_C_Series-2.1.3.156/third_party/FreeRTOS/Source/portable/CCS/ARM_CM4F/portasm.asm'
'Invoking: ARM Compiler'
"C:/TI/ccsv6/tools/compiler/ti-cgt-arm_15.12.1.LTS/bin/armcl" -mv7M4 --code_state=16 --float_support=FPv4SPD16 --abi=eabi -me -O2 --include_path="C:/TI/ccsv6/tools/compiler/ti-cgt-arm_15.12.1.LTS/include" --include_path="//VBOXSVR/FreeRTOS/CodeComposer/freertos_demo" --include_path="//examples/boards/ek-tm4c123gxl" --include_path="//" --include_path="//third_party" --include_path="//third_party/FreeRTOS/Source/include" --include_path="//third_party/FreeRTOS" --include_path="//third_party/FreeRTOS/Source/portable/CCS/ARM_CM4F" --advice:power=all -g --gcc --define=ccs="ccs" --define=PART_TM4C123GH6PM --define=TARGET_IS_TM4C123_RB1 --diag_wrap=off --diag_warning=225 --display_error_number --gen_func_subsections=on --ual --preproc_with_compile --preproc_dependency="third_party/FreeRTOS/Source/portable/CCS/ARM_CM4F/portasm.d" --obj_directory="third_party/FreeRTOS/Source/portable/CCS/ARM_CM4F"  "C:/TI/TivaWare_C_Series-2.1.3.156/third_party/FreeRTOS/Source/portable/CCS/ARM_CM4F/portasm.asm"
gmake: *** [third_party/FreeRTOS/Source/portable/CCS/ARM_CM4F/port.obj] Error 1
'\\VBOXSVR\FreeRTOS\CodeComposer\freertos_demo\Debug'
CMD.EXE was started with the above path as the current directory.
UNC paths are not supported.  Defaulting to Windows directory.
'\\VBOXSVR\FreeRTOS\CodeComposer\freertos_demo\Debug'
CMD.EXE was started with the above path as the current directory.
UNC paths are not supported.  Defaulting to Windows directory.
'\\VBOXSVR\FreeRTOS\CodeComposer\freertos_demo\Debug'
CMD.EXE was started with the above path as the current directory.
UNC paths are not supported.  Defaulting to Windows directory.
'Finished building: C:/TI/TivaWare_C_Series-2.1.3.156/third_party/FreeRTOS/Source/portable/CCS/ARM_CM4F/portasm.asm'
' '
'Building file: C:/TI/TivaWare_C_Series-2.1.3.156/third_party/FreeRTOS/Source/portable/MemMang/heap_2.c'
'Invoking: ARM Compiler'
"C:/TI/ccsv6/tools/compiler/ti-cgt-arm_15.12.1.LTS/bin/armcl" -mv7M4 --code_state=16 --float_support=FPv4SPD16 --abi=eabi -me -O2 --include_path="C:/TI/ccsv6/tools/compiler/ti-cgt-arm_15.12.1.LTS/include" --include_path="//VBOXSVR/FreeRTOS/CodeComposer/freertos_demo" --include_path="//examples/boards/ek-tm4c123gxl" --include_path="//" --include_path="//third_party" --include_path="//third_party/FreeRTOS/Source/include" --include_path="//third_party/FreeRTOS" --include_path="//third_party/FreeRTOS/Source/portable/CCS/ARM_CM4F" --advice:power=all -g --gcc --define=ccs="ccs" --define=PART_TM4C123GH6PM --define=TARGET_IS_TM4C123_RB1 --diag_wrap=off --diag_warning=225 --display_error_number --gen_func_subsections=on --ual --preproc_with_compile --preproc_dependency="third_party/FreeRTOS/Source/portable/MemMang/heap_2.d" --obj_directory="third_party/FreeRTOS/Source/portable/MemMang"  "C:/TI/TivaWare_C_Series-2.1.3.156/third_party/FreeRTOS/Source/portable/MemMang/heap_2.c"

>> Compilation failure
third_party/FreeRTOS/Source/portable/MemMang/subdir_rules.mk:7: recipe for target 'third_party/FreeRTOS/Source/portable/MemMang/heap_2.obj' failed
'\\VBOXSVR\FreeRTOS\CodeComposer\freertos_demo\Debug'
CMD.EXE was started with the above path as the current directory.
UNC paths are not supported.  Defaulting to Windows directory.
'\\VBOXSVR\FreeRTOS\CodeComposer\freertos_demo\Debug'
CMD.EXE was started with the above path as the current directory.
UNC paths are not supported.  Defaulting to Windows directory.
'\\VBOXSVR\FreeRTOS\CodeComposer\freertos_demo\Debug'
CMD.EXE was started with the above path as the current directory.
UNC paths are not supported.  Defaulting to Windows directory.
"C:/TI/TivaWare_C_Series-2.1.3.156/third_party/FreeRTOS/Source/portable/MemMang/heap_2.c", line 86: fatal error #1965: cannot open source file "FreeRTOS.h"
1 catastrophic error detected in the compilation of "C:/TI/TivaWare_C_Series-2.1.3.156/third_party/FreeRTOS/Source/portable/MemMang/heap_2.c".
Compilation terminated.
'Building file: C:/TI/TivaWare_C_Series-2.1.3.156/utils/uartstdio.c'
'Invoking: ARM Compiler'
"C:/TI/ccsv6/tools/compiler/ti-cgt-arm_15.12.1.LTS/bin/armcl" -mv7M4 --code_state=16 --float_support=FPv4SPD16 --abi=eabi -me -O2 --include_path="C:/TI/ccsv6/tools/compiler/ti-cgt-arm_15.12.1.LTS/include" --include_path="//VBOXSVR/FreeRTOS/CodeComposer/freertos_demo" --include_path="//examples/boards/ek-tm4c123gxl" --include_path="//" --include_path="//third_party" --include_path="//third_party/FreeRTOS/Source/include" --include_path="//third_party/FreeRTOS" --include_path="//third_party/FreeRTOS/Source/portable/CCS/ARM_CM4F" --advice:power=all -g --gcc --define=ccs="ccs" --define=PART_TM4C123GH6PM --define=TARGET_IS_TM4C123_RB1 --diag_wrap=off --diag_warning=225 --display_error_number --gen_func_subsections=on --ual --preproc_with_compile --preproc_dependency="utils/uartstdio.d" --obj_directory="utils"  "C:/TI/TivaWare_C_Series-2.1.3.156/utils/uartstdio.c"

>> Compilation failure
utils/subdir_rules.mk:7: recipe for target 'utils/uartstdio.obj' failed
gmake: *** [third_party/FreeRTOS/Source/portable/MemMang/heap_2.obj] Error 1
'\\VBOXSVR\FreeRTOS\CodeComposer\freertos_demo\Debug'
CMD.EXE was started with the above path as the current directory.
UNC paths are not supported.  Defaulting to Windows directory.
'\\VBOXSVR\FreeRTOS\CodeComposer\freertos_demo\Debug'
CMD.EXE was started with the above path as the current directory.
UNC paths are not supported.  Defaulting to Windows directory.
"C:/TI/TivaWare_C_Series-2.1.3.156/utils/uartstdio.c", line 28: fatal error #1965: cannot open source file "inc/hw_ints.h"
1 catastrophic error detected in the compilation of "C:/TI/TivaWare_C_Series-2.1.3.156/utils/uartstdio.c".
Compilation terminated.
'Building file: C:/TI/TivaWare_C_Series-2.1.3.156/utils/ustdlib.c'
'Invoking: ARM Compiler'
"C:/TI/ccsv6/tools/compiler/ti-cgt-arm_15.12.1.LTS/bin/armcl" -mv7M4 --code_state=16 --float_support=FPv4SPD16 --abi=eabi -me -O2 --include_path="C:/TI/ccsv6/tools/compiler/ti-cgt-arm_15.12.1.LTS/include" --include_path="//VBOXSVR/FreeRTOS/CodeComposer/freertos_demo" --include_path="//examples/boards/ek-tm4c123gxl" --include_path="//" --include_path="//third_party" --include_path="//third_party/FreeRTOS/Source/include" --include_path="//third_party/FreeRTOS" --include_path="//third_party/FreeRTOS/Source/portable/CCS/ARM_CM4F" --advice:power=all -g --gcc --define=ccs="ccs" --define=PART_TM4C123GH6PM --define=TARGET_IS_TM4C123_RB1 --diag_wrap=off --diag_warning=225 --display_error_number --gen_func_subsections=on --ual --preproc_with_compile --preproc_dependency="utils/ustdlib.d" --obj_directory="utils"  "C:/TI/TivaWare_C_Series-2.1.3.156/utils/ustdlib.c"

>> Compilation failure
utils/subdir_rules.mk:14: recipe for target 'utils/ustdlib.obj' failed
gmake: *** [utils/uartstdio.obj] Error 1
'\\VBOXSVR\FreeRTOS\CodeComposer\freertos_demo\Debug'
CMD.EXE was started with the above path as the current directory.
UNC paths are not supported.  Defaulting to Windows directory.
'\\VBOXSVR\FreeRTOS\CodeComposer\freertos_demo\Debug'
CMD.EXE was started with the above path as the current directory.
UNC paths are not supported.  Defaulting to Windows directory.
"C:/TI/TivaWare_C_Series-2.1.3.156/utils/ustdlib.c", line 26: fatal error #1965: cannot open source file "driverlib/debug.h"
1 catastrophic error detected in the compilation of "C:/TI/TivaWare_C_Series-2.1.3.156/utils/ustdlib.c".
Compilation terminated.
gmake: *** [utils/ustdlib.obj] Error 1
gmake: Target 'all' not remade because of errors.

**** Build Finished ****
